c:\program files\infowatch\devicemonitor\client\logs\print\printlogverbose_[link.exe__14116__2024.3.28_19.1.27].txt
c:\program files\infowatch\devicemonitor\client\logs\detours\hookapidetourslogverbose_[link.exe__14116__2024.3.28_19.1.27].txt
c:\program files\infowatch\devicemonitor\client\logs\clipboard\clipboardmonitorlogverbose_[link.exe__14116__2024.3.28_19.1.27].txt
c:\program files\infowatch\devicemonitor\client\logs\copymove\copymovelogverbose_[link.exe__14116__2024.3.28_19.1.27].txt
c:\program files\infowatch\devicemonitor\client\logs\mtp\mtplogverbose_[link.exe_14116__2024.3.28_19.1.27].txt
c:\program files\infowatch\devicemonitor\client\logs\soundcapture\soundcapturelogverbose_[link.exe__14116__2024.3.28_19.1.27].txt
e:\вуз\zemcov\labi\lab2 zemcov\lab2var7\debug\lab2var7.exe
e:\вуз\zemcov\labi\lab2 zemcov\lab2var7\debug\lab2var7.ilk
c:\program files\infowatch\devicemonitor\client\logs\print\printlogverbose_[cvtres.exe__3856__2024.3.28_19.1.27].txt
c:\program files\infowatch\devicemonitor\client\logs\detours\hookapidetourslogverbose_[cvtres.exe__3856__2024.3.28_19.1.27].txt
c:\program files\infowatch\devicemonitor\client\logs\clipboard\clipboardmonitorlogverbose_[cvtres.exe__3856__2024.3.28_19.1.27].txt
c:\program files\infowatch\devicemonitor\client\logs\copymove\copymovelogverbose_[cvtres.exe__3856__2024.3.28_19.1.27].txt
c:\program files\infowatch\devicemonitor\client\logs\mtp\mtplogverbose_[cvtres.exe_3856__2024.3.28_19.1.27].txt
c:\program files\infowatch\devicemonitor\client\logs\soundcapture\soundcapturelogverbose_[cvtres.exe__3856__2024.3.28_19.1.27].txt
c:\program files\infowatch\devicemonitor\client\logs\print\printlogverbose_[rc.exe__3480__2024.3.28_19.1.27].txt
c:\program files\infowatch\devicemonitor\client\logs\detours\hookapidetourslogverbose_[rc.exe__3480__2024.3.28_19.1.27].txt
c:\program files\infowatch\devicemonitor\client\logs\clipboard\clipboardmonitorlogverbose_[rc.exe__3480__2024.3.28_19.1.27].txt
c:\program files\infowatch\devicemonitor\client\logs\copymove\copymovelogverbose_[rc.exe__3480__2024.3.28_19.1.27].txt
c:\program files\infowatch\devicemonitor\client\logs\mtp\mtplogverbose_[rc.exe_3480__2024.3.28_19.1.27].txt
c:\program files\infowatch\devicemonitor\client\logs\soundcapture\soundcapturelogverbose_[rc.exe__3480__2024.3.28_19.1.27].txt
c:\program files\infowatch\devicemonitor\client\logs\print\printlogverbose_[link.exe__11204__2024.3.28_19.1.27].txt
c:\program files\infowatch\devicemonitor\client\logs\detours\hookapidetourslogverbose_[link.exe__11204__2024.3.28_19.1.27].txt
c:\program files\infowatch\devicemonitor\client\logs\clipboard\clipboardmonitorlogverbose_[link.exe__11204__2024.3.28_19.1.27].txt
c:\program files\infowatch\devicemonitor\client\logs\copymove\copymovelogverbose_[link.exe__11204__2024.3.28_19.1.27].txt
c:\program files\infowatch\devicemonitor\client\logs\mtp\mtplogverbose_[link.exe_11204__2024.3.28_19.1.27].txt
c:\program files\infowatch\devicemonitor\client\logs\soundcapture\soundcapturelogverbose_[link.exe__11204__2024.3.28_19.1.27].txt
e:\вуз\zemcov\labi\lab2 zemcov\lab2var7\debug\lab2var7.pdb
e:\вуз\zemcov\labi\lab2 zemcov\lab2var7\debug\source.obj
e:\вуз\zemcov\labi\lab2 zemcov\lab2var7\debug\lab2var7.tlog\link.command.1.tlog
e:\вуз\zemcov\labi\lab2 zemcov\lab2var7\debug\lab2var7.tlog\link.read.1.tlog
e:\вуз\zemcov\labi\lab2 zemcov\lab2var7\debug\lab2var7.tlog\link.write.1.tlog
e:\вуз\zemcov\labi\lab2 zemcov\lab2var7\debug\lab2var7.tlog\masm.read.1u.tlog
e:\вуз\zemcov\labi\lab2 zemcov\lab2var7\debug\lab2var7.tlog\masm.write.1u.tlog
